<?xml version="1.0" encoding="UTF-8"?>
<testsuite xmlns:xsi="http://www.w3.org/2001/XMLSchema-instance" xsi:noNamespaceSchemaLocation="https://maven.apache.org/surefire/maven-surefire-plugin/xsd/surefire-test-report.xsd" name="com.mycompany.app.AppTest" time="0.045" tests="1" errors="0" skipped="0" failures="0">
  <properties>
    <property name="java.specification.version" value="21"/>
    <property name="sun.cpu.isalist" value="amd64"/>
    <property name="sun.jnu.encoding" value="Cp1252"/>
    <property name="java.class.path" value="C:\Users\Adisa Ramon\Desktop\QA\KotlinForCI_CD\kotlin-maven\target\test-classes;C:\Users\Adisa Ramon\Desktop\QA\KotlinForCI_CD\kotlin-maven\target\classes;C:\Users\Adisa Ramon\.m2\repository\junit\junit\4.11\junit-4.11.jar;C:\Users\Adisa Ramon\.m2\repository\org\hamcrest\hamcrest-core\1.3\hamcrest-core-1.3.jar;C:\Users\Adisa Ramon\.m2\repository\org\jetbrains\kotlin\kotlin-stdlib-jdk8\1.3.50\kotlin-stdlib-jdk8-1.3.50.jar;C:\Users\Adisa Ramon\.m2\repository\org\jetbrains\kotlin\kotlin-stdlib\1.3.50\kotlin-stdlib-1.3.50.jar;C:\Users\Adisa Ramon\.m2\repository\org\jetbrains\kotlin\kotlin-stdlib-common\1.3.50\kotlin-stdlib-common-1.3.50.jar;C:\Users\Adisa Ramon\.m2\repository\org\jetbrains\annotations\13.0\annotations-13.0.jar;C:\Users\Adisa Ramon\.m2\repository\org\jetbrains\kotlin\kotlin-stdlib-jdk7\1.3.50\kotlin-stdlib-jdk7-1.3.50.jar;C:\Users\Adisa Ramon\.m2\repository\org\jetbrains\kotlin\kotlin-test-junit\1.3.50\kotlin-test-junit-1.3.50.jar;C:\Users\Adisa Ramon\.m2\repository\org\jetbrains\kotlin\kotlin-test-annotations-common\1.3.50\kotlin-test-annotations-common-1.3.50.jar;C:\Users\Adisa Ramon\.m2\repository\org\jetbrains\kotlin\kotlin-test\1.3.50\kotlin-test-1.3.50.jar;C:\Users\Adisa Ramon\.m2\repository\org\jetbrains\kotlin\kotlin-test-common\1.3.50\kotlin-test-common-1.3.50.jar;"/>
    <property name="java.vm.vendor" value="Oracle Corporation"/>
    <property name="sun.arch.data.model" value="64"/>
    <property name="user.variant" value=""/>
    <property name="java.vendor.url" value="https://java.oracle.com/"/>
    <property name="user.timezone" value="Africa/Lagos"/>
    <property name="user.country.format" value="NG"/>
    <property name="os.name" value="Windows 11"/>
    <property name="java.vm.specification.version" value="21"/>
    <property name="sun.java.launcher" value="SUN_STANDARD"/>
    <property name="user.country" value="US"/>
    <property name="sun.boot.library.path" value="C:\Program Files\Java\jdk-21\bin"/>
    <property name="sun.java.command" value="C:\Users\ADISAR~1\AppData\Local\Temp\surefire8006400457556922121\surefirebooter8929832196559910400.jar C:\Users\Adisa Ramon\AppData\Local\Temp\surefire8006400457556922121 2025-07-16T14-32-10_837-jvmRun1 surefire15088706619402006910tmp surefire_02459768093837820216tmp"/>
    <property name="jdk.debug" value="release"/>
    <property name="surefire.test.class.path" value="C:\Users\Adisa Ramon\Desktop\QA\KotlinForCI_CD\kotlin-maven\target\test-classes;C:\Users\Adisa Ramon\Desktop\QA\KotlinForCI_CD\kotlin-maven\target\classes;C:\Users\Adisa Ramon\.m2\repository\junit\junit\4.11\junit-4.11.jar;C:\Users\Adisa Ramon\.m2\repository\org\hamcrest\hamcrest-core\1.3\hamcrest-core-1.3.jar;C:\Users\Adisa Ramon\.m2\repository\org\jetbrains\kotlin\kotlin-stdlib-jdk8\1.3.50\kotlin-stdlib-jdk8-1.3.50.jar;C:\Users\Adisa Ramon\.m2\repository\org\jetbrains\kotlin\kotlin-stdlib\1.3.50\kotlin-stdlib-1.3.50.jar;C:\Users\Adisa Ramon\.m2\repository\org\jetbrains\kotlin\kotlin-stdlib-common\1.3.50\kotlin-stdlib-common-1.3.50.jar;C:\Users\Adisa Ramon\.m2\repository\org\jetbrains\annotations\13.0\annotations-13.0.jar;C:\Users\Adisa Ramon\.m2\repository\org\jetbrains\kotlin\kotlin-stdlib-jdk7\1.3.50\kotlin-stdlib-jdk7-1.3.50.jar;C:\Users\Adisa Ramon\.m2\repository\org\jetbrains\kotlin\kotlin-test-junit\1.3.50\kotlin-test-junit-1.3.50.jar;C:\Users\Adisa Ramon\.m2\repository\org\jetbrains\kotlin\kotlin-test-annotations-common\1.3.50\kotlin-test-annotations-common-1.3.50.jar;C:\Users\Adisa Ramon\.m2\repository\org\jetbrains\kotlin\kotlin-test\1.3.50\kotlin-test-1.3.50.jar;C:\Users\Adisa Ramon\.m2\repository\org\jetbrains\kotlin\kotlin-test-common\1.3.50\kotlin-test-common-1.3.50.jar;"/>
    <property name="sun.cpu.endian" value="little"/>
    <property name="user.home" value="C:\Users\Adisa Ramon"/>
    <property name="user.language" value="en"/>
    <property name="java.specification.vendor" value="Oracle Corporation"/>
    <property name="java.version.date" value="2024-01-16"/>
    <property name="java.home" value="C:\Program Files\Java\jdk-21"/>
    <property name="file.separator" value="\"/>
    <property name="basedir" value="C:\Users\Adisa Ramon\Desktop\QA\KotlinForCI_CD\kotlin-maven"/>
    <property name="java.vm.compressedOopsMode" value="32-bit"/>
    <property name="line.separator" value="&#10;"/>
    <property name="java.vm.specification.vendor" value="Oracle Corporation"/>
    <property name="java.specification.name" value="Java Platform API Specification"/>
    <property name="surefire.real.class.path" value="C:\Users\ADISAR~1\AppData\Local\Temp\surefire8006400457556922121\surefirebooter8929832196559910400.jar"/>
    <property name="user.script" value=""/>
    <property name="sun.management.compiler" value="HotSpot 64-Bit Tiered Compilers"/>
    <property name="java.runtime.version" value="21.0.2+13-LTS-58"/>
    <property name="user.name" value="Adisa Ramon"/>
    <property name="stdout.encoding" value="Cp1252"/>
    <property name="path.separator" value=";"/>
    <property name="os.version" value="10.0"/>
    <property name="java.runtime.name" value="Java(TM) SE Runtime Environment"/>
    <property name="file.encoding" value="UTF-8"/>
    <property name="java.vm.name" value="Java HotSpot(TM) 64-Bit Server VM"/>
    <property name="localRepository" value="C:\Users\Adisa Ramon\.m2\repository"/>
    <property name="java.vendor.url.bug" value="https://bugreport.java.com/bugreport/"/>
    <property name="java.io.tmpdir" value="C:\Users\ADISAR~1\AppData\Local\Temp\"/>
    <property name="java.version" value="21.0.2"/>
    <property name="user.dir" value="C:\Users\Adisa Ramon\Desktop\QA\KotlinForCI_CD\kotlin-maven"/>
    <property name="os.arch" value="amd64"/>
    <property name="java.vm.specification.name" value="Java Virtual Machine Specification"/>
    <property name="sun.os.patch.level" value=""/>
    <property name="native.encoding" value="Cp1252"/>
    <property name="java.library.path" value="C:\Program Files\Java\jdk-21\bin;C:\WINDOWS\Sun\Java\bin;C:\WINDOWS\system32;C:\WINDOWS;C:\Users\Adisa Ramon\anaconda3;C:\Users\Adisa Ramon\anaconda3\Library\mingw-w64\bin;C:\Users\Adisa Ramon\anaconda3\Library\usr\bin;C:\Users\Adisa Ramon\anaconda3\Library\bin;C:\Users\Adisa Ramon\anaconda3\Scripts;C:\Users\Adisa Ramon\anaconda3\bin;C:\Users\Adisa Ramon\anaconda3\condabin;C:\Program Files\Common Files\Oracle\Java\javapath;C:\WINDOWS\system32;C:\WINDOWS;C:\WINDOWS\System32\Wbem;C:\WINDOWS\System32\WindowsPowerShell\v1.0;C:\WINDOWS\System32\OpenSSH;C:\Program Files\nodejs;C:\Program Files\Microsoft VS Code\bin;C:\Program Files\Java\jdk-21\bin;C:\Program Files\Java\jdk-1.8\bin;C:\Program Files\HP\HP One Agent;C:\Program Files\Docker\Docker\resources\bin;C:\Program Files\apache-maven-3.9.9\bin;C:\Program Files\Git\cmd;C:\Users\Adisa Ramon\anaconda3\Scripts;C:\WINDOWS\system32;C:\WINDOWS;C:\WINDOWS\System32\Wbem;C:\WINDOWS\System32\WindowsPowerShell\v1.0;C:\WINDOWS\System32\OpenSSH;C:\Users\Adisa Ramon\Desktop\QA\commandlinetools-androidstudio-sdk\platform-tools;C:\Users\Adisa Ramon\AppData\Local\Programs\Python\Launcher;C:\Users\Adisa Ramon\AppData\Local\Microsoft\WindowsApps;C:\Users\Adisa Ramon\AppData\Roaming\npm;C:\Program Files\Java\jdk-21\bin;C:\Users\Adisa Ramon\anaconda3;.;C:\Users\Adisa Ramon\AppData\Local\Programs\Ollama;."/>
    <property name="java.vm.info" value="mixed mode, sharing"/>
    <property name="stderr.encoding" value="Cp1252"/>
    <property name="java.vendor" value="Oracle Corporation"/>
    <property name="java.vm.version" value="21.0.2+13-LTS-58"/>
    <property name="sun.io.unicode.encoding" value="UnicodeLittle"/>
    <property name="java.class.version" value="65.0"/>
  </properties>
  <testcase name="shouldAnswerWithTrue" classname="com.mycompany.app.AppTest" time="0.005"/>
</testsuite>